sample.interval=20000
"grepl" ".rs.extractRCode" 
"grepl" ".rs.extractRCode" 
"withCallingHandlers" "base::suppressWarnings" 
"ls" "FUN" "lapply" ".rs.objectsOnSearchPath" "unlist" ".rs.availableRSymbols" 
"grepl" ".rs.extractRCode" 
"gzfile" "readRDS" "doTryCatch" "tryCatchOne" "tryCatchList" "tryCatch" "FUN" "lapply" "find.package" "loadNamespace" 
"importIntoEnv" "namespaceImportFrom" "namespaceImport" "loadNamespace" "namespaceImport" "loadNamespace" 
"inDL" "dyn.load" "library.dynam" "loadNamespace" "namespaceImport" "loadNamespace" 
".Call" "env_get" "replace_from" "callback" "run_on_load" "fun" "doTryCatch" "tryCatchOne" "tryCatchList" "tryCatch" "runHook" "loadNamespace" "namespaceImport" "loadNamespace" 
"file.exists" "FUN" "lapply" "find.package" "loadNamespace" "asNamespace" "namespaceImportFrom" "loadNamespace" 
"gzfile" "readRDS" "lazyLoadDBexec" "lazyLoad" "eval" "eval" "eval" "eval" "eval.parent" "local" "eval" "eval" "sys.source" "doTryCatch" "tryCatchOne" "tryCatchList" "tryCatch" "try" "loadNamespace" "asNamespace" "namespaceImportFrom" "loadNamespace" 
"dots.or.missing" "cmpPrim1" "h" "tryInline" "cmpCall" "cmp" "h" "tryInline" "cmpCall" "cmp" "h" "tryInline" "cmpCall" "cmp" "genCode" "cmpfun" "doTryCatch" "tryCatchOne" "tryCatchList" "tryCatch" "compiler:::tryCmpfun" "source_frame" "exit_frame" "add_handler" "defer" "rlang::local_options" "make_style_fast" "assign_crayon_styles" "fun" "doTryCatch" "tryCatchOne" "tryCatchList" "tryCatch" "runHook" "loadNamespace" "asNamespace" "namespaceImportFrom" "loadNamespace" 
"dots.or.missing" "cmpPrim1" "h" "tryInline" "cmpCall" "cmp" "h" "tryInline" "cmpCall" "cmp" "h" "tryInline" "cmpCall" "cmp" "genCode" "cmpfun" "doTryCatch" "tryCatchOne" "tryCatchList" "tryCatch" "compiler:::tryCmpfun" "source_frame" "exit_frame" "add_handler" "defer" "rlang::local_options" "make_style_fast" "assign_crayon_styles" "fun" "doTryCatch" "tryCatchOne" "tryCatchList" "tryCatch" "runHook" "loadNamespace" "asNamespace" "namespaceImportFrom" "loadNamespace" 
"ls" "FUN" "lapply" ".rs.objectsOnSearchPath" "unlist" ".rs.availableRSymbols" "dots.or.missing" "cmpPrim1" "h" "tryInline" "cmpCall" "cmp" "h" "tryInline" "cmpCall" "cmp" "h" "tryInline" "cmpCall" "cmp" "genCode" "cmpfun" "doTryCatch" "tryCatchOne" "tryCatchList" "tryCatch" "compiler:::tryCmpfun" "source_frame" "exit_frame" "add_handler" "defer" "rlang::local_options" "make_style_fast" "assign_crayon_styles" "fun" "doTryCatch" "tryCatchOne" "tryCatchList" "tryCatch" "runHook" "loadNamespace" "asNamespace" "namespaceImportFrom" "loadNamespace" 
"as.list" "mayCallBrowserList" "mayCallBrowser" "mayCallBrowserList" "mayCallBrowser" "mayCallBrowserList" "mayCallBrowser" "cmpfun" "doTryCatch" "tryCatchOne" "tryCatchList" "tryCatch" "compiler:::tryCmpfun" "<Anonymous>" "make_style_fast" "assign_crayon_styles" "fun" "doTryCatch" "tryCatchOne" "tryCatchList" "tryCatch" "runHook" "loadNamespace" "asNamespace" "namespaceImportFrom" "loadNamespace" 
"gettext" "namespaceImportFrom" "loadNamespace" "asNamespace" "namespaceImportFrom" "loadNamespace" 
"lazyLoadDBfetch" "get" "registerS3methods" "loadNamespace" "asNamespace" "namespaceImportFrom" "loadNamespace" 
"$" "FUN" "lapply" "FUN" "lapply" "assignNativeRoutines" "loadNamespace" "asNamespace" "namespaceImportFrom" "loadNamespace" 
"genericForBasic" "getGeneric" ".recMembers" "Recall" ".recMembers" "getGroupMembers" ".checkGroupSigLength" "Recall" ".checkGroupSigLength" ".updateMethodsInTable" ".updateMethodsInTable" ".updateMethodsInTable" "methods::cacheMetaData" "loadNamespace" "asNamespace" "namespaceImportFrom" "loadNamespace" 
".getGeneric" "getGeneric" ".recMembers" "Recall" ".recMembers" "getGroupMembers" ".checkGroupSigLength" "Recall" ".checkGroupSigLength" ".updateMethodsInTable" ".updateMethodsInTable" "methods::cacheMetaData" "loadNamespace" "asNamespace" "namespaceImportFrom" "loadNamespace" 
"whichMethodMetaNames" "namespaceImportFrom" "loadNamespace" 
"file.exists" "library.dynam" "loadNamespace" 
"stopifnot" "is" ".checkGroupSigLength" "Recall" ".checkGroupSigLength" ".updateMethodsInTable" ".updateMethodsInTable" ".updateMethodsInTable" "methods::cacheMetaData" "loadNamespace" 
"stopifnot" "is" ".recMembers" "Recall" ".recMembers" "getGroupMembers" ".checkGroupSigLength" "Recall" ".checkGroupSigLength" ".updateMethodsInTable" ".updateMethodsInTable" ".updateMethodsInTable" "methods::cacheMetaData" "loadNamespace" 
"lazyLoadDBfetch" "if_else" "arrange_rows" "arrange.data.frame" "dplyr::arrange" 
"sub" "prettyNum" "format.default" "format" "format.fun" "paste" "nchar.w" "maybe_truncate" "formObj" "cat" "str.default" "str" "<Anonymous>" "do.call" "strSub" "str.default" "NextMethod" "str.data.frame" "str" "doTryCatch" "tryCatchOne" "tryCatchList" "tryCatch" "try" "...elt" "withVisible" "capture.output" "doTryCatch" "tryCatchOne" "tryCatchList" "tryCatch" ".rs.withTimeLimit" ".rs.valueFromStr" ".rs.valueContentsImpl" "doTryCatch" "tryCatchOne" "tryCatchList" "tryCatch" ".rs.valueContents" ".rs.describeObject" 
"ls" "FUN" "lapply" ".rs.objectsOnSearchPath" "unlist" ".rs.availableRSymbols" 
"ls" "FUN" "lapply" ".rs.objectsOnSearchPath" "unlist" ".rs.availableRSymbols" 
"grep" ".rs.extractRCode" 
"ls" "FUN" "lapply" ".rs.objectsOnSearchPath" "unlist" ".rs.availableRSymbols" 
".Call" ".rs.getKnitParamsForDocument" ".rs.injectKnitrParamsObject" ".rs.rpc.get_completions" 
".Call" ".rs.getKnitParamsForDocument" ".rs.injectKnitrParamsObject" ".rs.rpc.get_completions" 
"tryCatchOne" "tryCatchList" "tryCatch" "checkCall" "cmpCall" "cmp" "cmpSymbolAssign" "h" "tryInline" "cmpCall" "cmp" "h" "tryInline" "cmpCall" "cmp" "h" "tryInline" "cmpCall" "cmp" "genCode" "cmpfun" "doTryCatch" "tryCatchOne" "tryCatchList" "tryCatch" "compiler:::tryCmpfun" ".rs.makeCompletions" ".rs.emptyCompletions" ".rs.getCompletionsArgument" ".rs.getRCompletions" ".rs.appendCompletions" ".rs.rpc.get_completions" 
".Call" ".rs.getInferredCompletions" ".rs.getCompletionsLibraryContext" ".rs.getRCompletions" ".rs.appendCompletions" ".rs.rpc.get_completions" 
"cmpCall" "cmp" "h" "tryInline" "cmpCall" "cmp" "h" "tryInline" "cmpCall" "cmp" "h" "tryInline" "cmpCall" "cmp" "genCode" "cmpfun" "doTryCatch" "tryCatchOne" "tryCatchList" "tryCatch" "compiler:::tryCmpfun" ".rs.appendCompletions" ".rs.getCompletionsLibraryContext" ".rs.getRCompletions" ".rs.appendCompletions" ".rs.rpc.get_completions" 
".rs.getAnywhere" ".rs.getRChainCompletions" ".rs.appendCompletions" ".rs.rpc.get_completions" 
"gsub" ".rs.fuzzyMatches" ".rs.getCompletionsSearchPath" "Reduce" ".rs.rpc.get_completions" 
"lazyLoadDBfetch" "get" "doTryCatch" "tryCatchOne" "tryCatchList" "tryCatch" "FUN" "vapply" ".rs.getCompletionsSearchPath" "Reduce" ".rs.rpc.get_completions" 
"make.callContext" "cmpCall" "cmp" "genCode" "cb$putconst" "cmpCallArgs" "cmpCallSymFun" "cmpCall" "cmp" "genCode" "cb$putconst" "cmpCallArgs" "cmpCallSymFun" "cmpCall" "cmp" "genCode" "cb$putconst" "cmpCallArgs" "cmpCallSymFun" "cmpCall" "cmp" "cmpSymbolAssign" "h" "tryInline" "cmpCall" "cmp" "h" "tryInline" "cmpCall" "cmp" "genCode" "cmpfun" "doTryCatch" "tryCatchOne" "tryCatchList" "tryCatch" "compiler:::tryCmpfun" ".rs.getCompletionsLibraryContext" "Reduce" ".rs.rpc.get_completions" 
"findLocals1" "lapply" "FUN" "lapply" "findLocalsList1" "findLocalsList" "funEnv" "make.functionContext" "cmpfun" "doTryCatch" "tryCatchOne" "tryCatchList" "tryCatch" "compiler:::tryCmpfun" ".rs.rpc.get_completions" 
"lazyLoadDBfetch" "tryGetterInline" "cmpGetterCall" "cmpComplexAssign" "h" "tryInline" "cmpCall" "cmp" "cmpForBody" "h" "tryInline" "cmpCall" "cmp" "h" "tryInline" "cmpCall" "cmp" "genCode" "cmpfun" "doTryCatch" "tryCatchOne" "tryCatchList" "tryCatch" "compiler:::tryCmpfun" ".rs.rpc.get_completions" 
"cmpCall" "cmp" "cmpSymbolAssign" "h" "tryInline" "cmpCall" "cmp" "h" "tryInline" "cmpCall" "cmp" "h" "tryInline" "cmpCall" "cmp" "h" "tryInline" "cmpCall" "cmp" "h" "tryInline" "cmpCall" "cmp" "h" "tryInline" "cmpCall" "cmp" "genCode" "cmpfun" "doTryCatch" "tryCatchOne" "tryCatchList" "tryCatch" "compiler:::tryCmpfun" ".rs.rpc.get_completions" 
"findCenvVar" "getInlineInfo" "tryInline" "cmpCall" "cmp" "cmpPrim2" "h" "tryInline" "cmpCall" "cmp" "h" "tryInline" "cmpCall" "cmp" "h" "tryInline" "cmpCall" "cmp" "h" "tryInline" "cmpCall" "cmp" "h" "tryInline" "cmpCall" "cmp" "h" "tryInline" "cmpCall" "cmp" "genCode" "cmpfun" "doTryCatch" "tryCatchOne" "tryCatchList" "tryCatch" "compiler:::tryCmpfun" ".rs.rpc.get_completions" 
"exists" "findCenvVar" "getInlineInfo" "tryInline" "cmpCall" "cmp" "h" "tryInline" "cmpCall" "cmp" "h" "tryInline" "cmpCall" "cmp" "h" "tryInline" "cmpCall" "cmp" "genCode" "cmpfun" "doTryCatch" "tryCatchOne" "tryCatchList" "tryCatch" "compiler:::tryCmpfun" ".rs.rpc.get_completions" 
"putconst" "cb$putcode" "h" "tryInline" "cmpCall" "cmp" "h" "tryInline" "cmpCall" "cmp" "h" "tryInline" "cmpCall" "cmp" "h" "tryInline" "cmpCall" "cmp" "h" "tryInline" "cmpCall" "cmp" "h" "tryInline" "cmpCall" "cmp" "h" "tryInline" "cmpCall" "cmp" "h" "tryInline" "cmpCall" "cmp" "cmpSymbolAssign" "h" "tryInline" "cmpCall" "cmp" "h" "tryInline" "cmpCall" "cmp" "genCode" "cmpfun" "doTryCatch" "tryCatchOne" "tryCatchList" "tryCatch" "compiler:::tryCmpfun" ".rs.rpc.get_completions" 
"make.nonTailCallContext" "h" "tryInline" "cmpCall" "cmp" "h" "tryInline" "cmpCall" "cmp" "cmpForBody" "h" "tryInline" "cmpCall" "cmp" "h" "tryInline" "cmpCall" "cmp" "h" "tryInline" "cmpCall" "cmp" "h" "tryInline" "cmpCall" "cmp" "genCode" "cmpfun" "doTryCatch" "tryCatchOne" "tryCatchList" "tryCatch" "compiler:::tryCmpfun" ".rs.rpc.get_completions" 
"cb$patchlabels" "codeBufCode" "genCode" "cmpfun" "doTryCatch" "tryCatchOne" "tryCatchList" "tryCatch" "compiler:::tryCmpfun" ".rs.rpc.get_completions" 
".Call" ".rs.getKnitParamsForDocument" ".rs.injectKnitrParamsObject" ".rs.rpc.get_completions" 
"as.character" "tryInline" "cmpCall" "cmp" "cmpBuiltinArgs" "cmpBuiltin" "cmpDotInternalCall" "h" "tryInline" "cmpCall" "cmp" "h" "tryInline" "cmpCall" "cmp" "h" "tryInline" "cmpCall" "cmp" "genCode" "cmpfun" "doTryCatch" "tryCatchOne" "tryCatchList" "tryCatch" "compiler:::tryCmpfun" ".rs.getCompletionsArgument" ".rs.getRCompletions" ".rs.appendCompletions" ".rs.rpc.get_completions" 
"cmpCallSymFun" "h" "tryInline" "cmpCall" "cmp" "cmpBuiltinArgs" "h" "tryInline" "cmpCall" "cmp" "cmpSymbolAssign" "h" "tryInline" "cmpCall" "cmp" "h" "tryInline" "cmpCall" "cmp" "h" "tryInline" "cmpCall" "cmp" "h" "tryInline" "cmpCall" "cmp" "genCode" "cmpfun" "doTryCatch" "tryCatchOne" "tryCatchList" "tryCatch" "compiler:::tryCmpfun" ".rs.resolveObjectFromFunctionCall" ".rs.getCompletionsArgument" ".rs.getRCompletions" ".rs.appendCompletions" ".rs.rpc.get_completions" 
".rs.getRChainCompletions" ".rs.appendCompletions" ".rs.rpc.get_completions" 
"%in%" "findCenvVar" "findVar" "cmpSym" "cmp" "genCode" "cb$putconst" "cmpCallArgs" "cmpCallSymFun" "cmpCall" "cmp" "h" "tryInline" "cmpCall" "cmp" "h" "tryInline" "cmpCall" "cmp" "genCode" "h" "tryInline" "cmpCall" "cmp" "genCode" "cb$putconst" "cmpCallArgs" "cmpCallSymFun" "cmpCall" "cmp" "cmpSymbolAssign" "h" "tryInline" "cmpCall" "cmp" "h" "tryInline" "cmpCall" "cmp" "genCode" "cmpfun" "doTryCatch" "tryCatchOne" "tryCatchList" "tryCatch" "compiler:::tryCmpfun" ".rs.getCompletionsSearchPath" "Reduce" ".rs.rpc.get_completions" 
"ls" "FUN" "lapply" ".rs.objectsOnSearchPath" ".rs.getCompletionsSearchPath" "Reduce" ".rs.rpc.get_completions" 
"findCenvVar" "findLocVar" "cmpCall" "cmp" "cmpBuiltinArgs" "h" "tryInline" "cmpCall" "cmp" "cmpSymbolAssign" "h" "tryInline" "cmpCall" "cmp" "h" "tryInline" "cmpCall" "cmp" "genCode" "cmpfun" "doTryCatch" "tryCatchOne" "tryCatchList" "tryCatch" "compiler:::tryCmpfun" ".rs.getCompletionsNAMESPACE" "Reduce" ".rs.rpc.get_completions" 
"append" "FUN" "lapply" "FUN" "lapply" "findLocalsList1" "findLocalsList" "funEnv" "make.functionContext" "cmpfun" "doTryCatch" "tryCatchOne" "tryCatchList" "tryCatch" "compiler:::tryCmpfun" ".rs.sortCompletions" ".rs.rpc.get_completions" 
".rs.subsetCompletions" ".rs.sortCompletions" ".rs.rpc.get_completions" 
"ls" "FUN" "lapply" ".rs.objectsOnSearchPath" "unlist" ".rs.availableRSymbols" 
"ls" "FUN" "lapply" ".rs.objectsOnSearchPath" "unlist" ".rs.availableRSymbols" 
".Call" ".rs.getKnitParamsForDocument" ".rs.injectKnitrParamsObject" ".rs.rpc.get_completions" 
"strsplit" "unlist" "xfun::split_lines" "split_lines" "knitr::knit_params" ".rs.knitParams" ".Call" ".rs.getKnitParamsForDocument" ".rs.injectKnitrParamsObject" ".rs.rpc.get_completions" 
"ls" "FUN" "lapply" ".rs.objectsOnSearchPath" ".rs.getCompletionsSearchPath" "Reduce" ".rs.rpc.get_completions" 
"ls" "FUN" "lapply" ".rs.objectsOnSearchPath" ".rs.getCompletionsSearchPath" "Reduce" ".rs.rpc.get_completions" 
"grepl" ".rs.extractRCode" 
"ls" "FUN" "lapply" ".rs.objectsOnSearchPath" "unlist" ".rs.availableRSymbols" 
"matrix" 
"matrix" 
"matrix" 
"ls" "FUN" "lapply" ".rs.objectsOnSearchPath" "unlist" ".rs.availableRSymbols" 
"t.default" "t" "standardGeneric" "t" 
"t.default" "t" "standardGeneric" "t" 
"t.default" "t" "standardGeneric" "t" 
"t.default" "t" "standardGeneric" "t" 
"t.default" "t" "standardGeneric" "t" 
"t.default" "t" "standardGeneric" "t" 
"t.default" "t" "standardGeneric" "t" 
"t.default" "t" "standardGeneric" "t" 
"t.default" "t" "standardGeneric" "t" 
"t.default" "t" "standardGeneric" "t" 
"t.default" "t" "standardGeneric" "t" 
".row" "upper.tri" 
".row" "upper.tri" 
".row" "upper.tri" 
".row" "upper.tri" 
".row" "upper.tri" 
".row" "upper.tri" 
".row" "upper.tri" 
".row" "upper.tri" 
".row" "upper.tri" 
".row" "upper.tri" 
".col" "upper.tri" 
".col" "upper.tri" 
".col" "upper.tri" 
".col" "upper.tri" 
".col" "upper.tri" 
".col" "upper.tri" 
".col" "upper.tri" 
".col" "upper.tri" 
"upper.tri" 
"upper.tri" 
".row" "upper.tri" 
".row" "upper.tri" 
".row" "upper.tri" 
".row" "upper.tri" 
".row" "upper.tri" 
".row" "upper.tri" 
".row" "upper.tri" 
".row" "upper.tri" 
".col" "upper.tri" 
".col" "upper.tri" 
".col" "upper.tri" 
".col" "upper.tri" 
".col" "upper.tri" 
".col" "upper.tri" 
".col" "upper.tri" 
"upper.tri" 
"upper.tri" 
"upper.tri" 
"upper.tri" 
"upper.tri" 
"upper.tri" 
"upper.tri" 
"upper.tri" 
"upper.tri" 
"diag<-" "standardGeneric" "diag<-" 
"diag<-" "standardGeneric" "diag<-" 
"diag<-" "standardGeneric" "diag<-" 
"is.finite" "eigen" "mvrnorm" 
"is.finite" "eigen" "mvrnorm" 
"all" "eigen" "mvrnorm" 
"eigen" "mvrnorm" 
"eigen" "mvrnorm" 
"eigen" "mvrnorm" 
"eigen" "mvrnorm" 
"eigen" "mvrnorm" 
"eigen" "mvrnorm" 
"eigen" "mvrnorm" 
"eigen" "mvrnorm" 
"eigen" "mvrnorm" 
"eigen" "mvrnorm" 
"eigen" "mvrnorm" 
"eigen" "mvrnorm" 
"eigen" "mvrnorm" 
"eigen" "mvrnorm" 
"eigen" "mvrnorm" 
"eigen" "mvrnorm" 
"eigen" "mvrnorm" 
"eigen" "mvrnorm" 
"eigen" "mvrnorm" 
"eigen" "mvrnorm" 
"eigen" "mvrnorm" 
"eigen" "mvrnorm" 
"eigen" "mvrnorm" 
"eigen" "mvrnorm" 
"eigen" "mvrnorm" 
"eigen" "mvrnorm" 
"eigen" "mvrnorm" 
"eigen" "mvrnorm" 
"eigen" "mvrnorm" 
"eigen" "mvrnorm" 
"eigen" "mvrnorm" 
"eigen" "mvrnorm" 
"eigen" "mvrnorm" 
"eigen" "mvrnorm" 
"eigen" "mvrnorm" 
"eigen" "mvrnorm" 
"eigen" "mvrnorm" 
"eigen" "mvrnorm" 
"eigen" "mvrnorm" 
"eigen" "mvrnorm" 
"eigen" "mvrnorm" 
"eigen" "mvrnorm" 
"eigen" "mvrnorm" 
"eigen" "mvrnorm" 
"eigen" "mvrnorm" 
"eigen" "mvrnorm" 
"eigen" "mvrnorm" 
"eigen" "mvrnorm" 
"eigen" "mvrnorm" 
"eigen" "mvrnorm" 
"eigen" "mvrnorm" 
"eigen" "mvrnorm" 
"eigen" "mvrnorm" 
"eigen" "mvrnorm" 
"eigen" "mvrnorm" 
"eigen" "mvrnorm" 
"eigen" "mvrnorm" 
"eigen" "mvrnorm" 
"eigen" "mvrnorm" 
"eigen" "mvrnorm" 
"eigen" "mvrnorm" 
"eigen" "mvrnorm" 
"eigen" "mvrnorm" 
"eigen" "mvrnorm" 
"eigen" "mvrnorm" 
"eigen" "mvrnorm" 
"eigen" "mvrnorm" 
"eigen" "mvrnorm" 
"eigen" "mvrnorm" 
"eigen" "mvrnorm" 
"eigen" "mvrnorm" 
"eigen" "mvrnorm" 
"eigen" "mvrnorm" 
"eigen" "mvrnorm" 
"eigen" "mvrnorm" 
"eigen" "mvrnorm" 
"eigen" "mvrnorm" 
"eigen" "mvrnorm" 
"eigen" "mvrnorm" 
"eigen" "mvrnorm" 
"eigen" "mvrnorm" 
"eigen" "mvrnorm" 
"eigen" "mvrnorm" 
"eigen" "mvrnorm" 
"eigen" "mvrnorm" 
"eigen" "mvrnorm" 
"eigen" "mvrnorm" 
"eigen" "mvrnorm" 
"eigen" "mvrnorm" 
"eigen" "mvrnorm" 
"eigen" "mvrnorm" 
"eigen" "mvrnorm" 
"eigen" "mvrnorm" 
"eigen" "mvrnorm" 
"eigen" "mvrnorm" 
"eigen" "mvrnorm" 
"eigen" "mvrnorm" 
"eigen" "mvrnorm" 
"eigen" "mvrnorm" 
"eigen" "mvrnorm" 
"eigen" "mvrnorm" 
"eigen" "mvrnorm" 
"eigen" "mvrnorm" 
"eigen" "mvrnorm" 
"eigen" "mvrnorm" 
"eigen" "mvrnorm" 
"eigen" "mvrnorm" 
"eigen" "mvrnorm" 
"eigen" "mvrnorm" 
"eigen" "mvrnorm" 
"eigen" "mvrnorm" 
"eigen" "mvrnorm" 
"eigen" "mvrnorm" 
"eigen" "mvrnorm" 
"eigen" "mvrnorm" 
"eigen" "mvrnorm" 
"eigen" "mvrnorm" 
"eigen" "mvrnorm" 
"eigen" "mvrnorm" 
"eigen" "mvrnorm" 
"eigen" "mvrnorm" 
"eigen" "mvrnorm" 
"eigen" "mvrnorm" 
"eigen" "mvrnorm" 
"eigen" "mvrnorm" 
"eigen" "mvrnorm" 
"eigen" "mvrnorm" 
"eigen" "mvrnorm" 
"eigen" "mvrnorm" 
"eigen" "mvrnorm" 
"eigen" "mvrnorm" 
"eigen" "mvrnorm" 
"eigen" "mvrnorm" 
"eigen" "mvrnorm" 
"eigen" "mvrnorm" 
"eigen" "mvrnorm" 
"eigen" "mvrnorm" 
"eigen" "mvrnorm" 
"eigen" "mvrnorm" 
"eigen" "mvrnorm" 
"eigen" "mvrnorm" 
"eigen" "mvrnorm" 
"eigen" "mvrnorm" 
"eigen" "mvrnorm" 
"eigen" "mvrnorm" 
"eigen" "mvrnorm" 
"eigen" "mvrnorm" 
"eigen" "mvrnorm" 
"eigen" "mvrnorm" 
"eigen" "mvrnorm" 
"eigen" "mvrnorm" 
"eigen" "mvrnorm" 
"eigen" "mvrnorm" 
"eigen" "mvrnorm" 
"eigen" "mvrnorm" 
"eigen" "mvrnorm" 
"eigen" "mvrnorm" 
"eigen" "mvrnorm" 
"eigen" "mvrnorm" 
"eigen" "mvrnorm" 
"eigen" "mvrnorm" 
"eigen" "mvrnorm" 
"eigen" "mvrnorm" 
"eigen" "mvrnorm" 
"eigen" "mvrnorm" 
"eigen" "mvrnorm" 
"eigen" "mvrnorm" 
"eigen" "mvrnorm" 
"eigen" "mvrnorm" 
"eigen" "mvrnorm" 
"eigen" "mvrnorm" 
"eigen" "mvrnorm" 
"eigen" "mvrnorm" 
"eigen" "mvrnorm" 
"eigen" "mvrnorm" 
"eigen" "mvrnorm" 
"eigen" "mvrnorm" 
"eigen" "mvrnorm" 
"eigen" "mvrnorm" 
"eigen" "mvrnorm" 
"eigen" "mvrnorm" 
"eigen" "mvrnorm" 
"eigen" "mvrnorm" 
"eigen" "mvrnorm" 
"eigen" "mvrnorm" 
"eigen" "mvrnorm" 
"eigen" "mvrnorm" 
"eigen" "mvrnorm" 
"eigen" "mvrnorm" 
"eigen" "mvrnorm" 
"eigen" "mvrnorm" 
"eigen" "mvrnorm" 
"eigen" "mvrnorm" 
"eigen" "mvrnorm" 
"eigen" "mvrnorm" 
"eigen" "mvrnorm" 
"eigen" "mvrnorm" 
"eigen" "mvrnorm" 
"eigen" "mvrnorm" 
"eigen" "mvrnorm" 
"eigen" "mvrnorm" 
"eigen" "mvrnorm" 
"eigen" "mvrnorm" 
"eigen" "mvrnorm" 
"eigen" "mvrnorm" 
"eigen" "mvrnorm" 
"eigen" "mvrnorm" 
"eigen" "mvrnorm" 
"eigen" "mvrnorm" 
"eigen" "mvrnorm" 
"eigen" "mvrnorm" 
"eigen" "mvrnorm" 
"eigen" "mvrnorm" 
"eigen" "mvrnorm" 
"eigen" "mvrnorm" 
"eigen" "mvrnorm" 
"eigen" "mvrnorm" 
"eigen" "mvrnorm" 
"eigen" "mvrnorm" 
"eigen" "mvrnorm" 
"eigen" "mvrnorm" 
"eigen" "mvrnorm" 
"eigen" "mvrnorm" 
"eigen" "mvrnorm" 
"eigen" "mvrnorm" 
"eigen" "mvrnorm" 
"eigen" "mvrnorm" 
"eigen" "mvrnorm" 
"eigen" "mvrnorm" 
"eigen" "mvrnorm" 
"eigen" "mvrnorm" 
"eigen" "mvrnorm" 
"eigen" "mvrnorm" 
"eigen" "mvrnorm" 
"eigen" "mvrnorm" 
"eigen" "mvrnorm" 
"eigen" "mvrnorm" 
"eigen" "mvrnorm" 
"eigen" "mvrnorm" 
"eigen" "mvrnorm" 
"eigen" "mvrnorm" 
"eigen" "mvrnorm" 
"eigen" "mvrnorm" 
"eigen" "mvrnorm" 
"eigen" "mvrnorm" 
"eigen" "mvrnorm" 
"eigen" "mvrnorm" 
"eigen" "mvrnorm" 
"eigen" "mvrnorm" 
"eigen" "mvrnorm" 
"eigen" "mvrnorm" 
"eigen" "mvrnorm" 
"eigen" "mvrnorm" 
"eigen" "mvrnorm" 
"eigen" "mvrnorm" 
"eigen" "mvrnorm" 
"eigen" "mvrnorm" 
"eigen" "mvrnorm" 
"eigen" "mvrnorm" 
"eigen" "mvrnorm" 
"eigen" "mvrnorm" 
"eigen" "mvrnorm" 
"eigen" "mvrnorm" 
"eigen" "mvrnorm" 
"eigen" "mvrnorm" 
"eigen" "mvrnorm" 
"eigen" "mvrnorm" 
"eigen" "mvrnorm" 
"eigen" "mvrnorm" 
"eigen" "mvrnorm" 
"eigen" "mvrnorm" 
"eigen" "mvrnorm" 
"eigen" "mvrnorm" 
"eigen" "mvrnorm" 
"eigen" "mvrnorm" 
"eigen" "mvrnorm" 
"eigen" "mvrnorm" 
"eigen" "mvrnorm" 
"eigen" "mvrnorm" 
"eigen" "mvrnorm" 
"eigen" "mvrnorm" 
"eigen" "mvrnorm" 
"eigen" "mvrnorm" 
"eigen" "mvrnorm" 
"eigen" "mvrnorm" 
"eigen" "mvrnorm" 
"eigen" "mvrnorm" 
"eigen" "mvrnorm" 
"eigen" "mvrnorm" 
"eigen" "mvrnorm" 
"eigen" "mvrnorm" 
"eigen" "mvrnorm" 
"eigen" "mvrnorm" 
"eigen" "mvrnorm" 
"eigen" "mvrnorm" 
"eigen" "mvrnorm" 
"eigen" "mvrnorm" 
"eigen" "mvrnorm" 
"eigen" "mvrnorm" 
"eigen" "mvrnorm" 
"eigen" "mvrnorm" 
"eigen" "mvrnorm" 
"eigen" "mvrnorm" 
"eigen" "mvrnorm" 
"eigen" "mvrnorm" 
"eigen" "mvrnorm" 
"eigen" "mvrnorm" 
"eigen" "mvrnorm" 
"eigen" "mvrnorm" 
"eigen" "mvrnorm" 
"eigen" "mvrnorm" 
"eigen" "mvrnorm" 
"eigen" "mvrnorm" 
"eigen" "mvrnorm" 
"eigen" "mvrnorm" 
"eigen" "mvrnorm" 
"eigen" "mvrnorm" 
"eigen" "mvrnorm" 
"eigen" "mvrnorm" 
"eigen" "mvrnorm" 
"eigen" "mvrnorm" 
"eigen" "mvrnorm" 
"eigen" "mvrnorm" 
"eigen" "mvrnorm" 
"eigen" "mvrnorm" 
"eigen" "mvrnorm" 
"eigen" "mvrnorm" 
"eigen" "mvrnorm" 
"eigen" "mvrnorm" 
"eigen" "mvrnorm" 
"eigen" "mvrnorm" 
"eigen" "mvrnorm" 
"eigen" "mvrnorm" 
"eigen" "mvrnorm" 
"eigen" "mvrnorm" 
"eigen" "mvrnorm" 
"eigen" "mvrnorm" 
"eigen" "mvrnorm" 
"eigen" "mvrnorm" 
"eigen" "mvrnorm" 
"eigen" "mvrnorm" 
"eigen" "mvrnorm" 
"eigen" "mvrnorm" 
"eigen" "mvrnorm" 
"eigen" "mvrnorm" 
"eigen" "mvrnorm" 
"eigen" "mvrnorm" 
"eigen" "mvrnorm" 
"eigen" "mvrnorm" 
"eigen" "mvrnorm" 
"eigen" "mvrnorm" 
"eigen" "mvrnorm" 
"eigen" "mvrnorm" 
"eigen" "mvrnorm" 
"eigen" "mvrnorm" 
"eigen" "mvrnorm" 
"eigen" "mvrnorm" 
"eigen" "mvrnorm" 
"eigen" "mvrnorm" 
"eigen" "mvrnorm" 
"eigen" "mvrnorm" 
"eigen" "mvrnorm" 
"eigen" "mvrnorm" 
"eigen" "mvrnorm" 
"eigen" "mvrnorm" 
"eigen" "mvrnorm" 
"eigen" "mvrnorm" 
"eigen" "mvrnorm" 
"eigen" "mvrnorm" 
"eigen" "mvrnorm" 
"eigen" "mvrnorm" 
"eigen" "mvrnorm" 
"eigen" "mvrnorm" 
"eigen" "mvrnorm" 
"eigen" "mvrnorm" 
"eigen" "mvrnorm" 
"eigen" "mvrnorm" 
"eigen" "mvrnorm" 
"eigen" "mvrnorm" 
"eigen" "mvrnorm" 
"eigen" "mvrnorm" 
"eigen" "mvrnorm" 
"eigen" "mvrnorm" 
"eigen" "mvrnorm" 
"eigen" "mvrnorm" 
"eigen" "mvrnorm" 
"eigen" "mvrnorm" 
"eigen" "mvrnorm" 
"eigen" "mvrnorm" 
"eigen" "mvrnorm" 
"eigen" "mvrnorm" 
"eigen" "mvrnorm" 
"eigen" "mvrnorm" 
"eigen" "mvrnorm" 
"eigen" "mvrnorm" 
"eigen" "mvrnorm" 
"eigen" "mvrnorm" 
"eigen" "mvrnorm" 
"eigen" "mvrnorm" 
"eigen" "mvrnorm" 
"eigen" "mvrnorm" 
"eigen" "mvrnorm" 
"eigen" "mvrnorm" 
"eigen" "mvrnorm" 
"eigen" "mvrnorm" 
"eigen" "mvrnorm" 
"eigen" "mvrnorm" 
"eigen" "mvrnorm" 
"eigen" "mvrnorm" 
"eigen" "mvrnorm" 
"eigen" "mvrnorm" 
"eigen" "mvrnorm" 
"eigen" "mvrnorm" 
"eigen" "mvrnorm" 
"eigen" "mvrnorm" 
"eigen" "mvrnorm" 
"eigen" "mvrnorm" 
"eigen" "mvrnorm" 
"eigen" "mvrnorm" 
"eigen" "mvrnorm" 
"eigen" "mvrnorm" 
"eigen" "mvrnorm" 
"eigen" "mvrnorm" 
"eigen" "mvrnorm" 
"eigen" "mvrnorm" 
"eigen" "mvrnorm" 
"eigen" "mvrnorm" 
"eigen" "mvrnorm" 
"eigen" "mvrnorm" 
"eigen" "mvrnorm" 
"eigen" "mvrnorm" 
"eigen" "mvrnorm" 
"eigen" "mvrnorm" 
"eigen" "mvrnorm" 
"eigen" "mvrnorm" 
"eigen" "mvrnorm" 
"eigen" "mvrnorm" 
"eigen" "mvrnorm" 
"eigen" "mvrnorm" 
"eigen" "mvrnorm" 
"eigen" "mvrnorm" 
"eigen" "mvrnorm" 
"eigen" "mvrnorm" 
"eigen" "mvrnorm" 
"eigen" "mvrnorm" 
"eigen" "mvrnorm" 
"eigen" "mvrnorm" 
"eigen" "mvrnorm" 
"eigen" "mvrnorm" 
"eigen" "mvrnorm" 
"eigen" "mvrnorm" 
"eigen" "mvrnorm" 
"eigen" "mvrnorm" 
"eigen" "mvrnorm" 
"eigen" "mvrnorm" 
"eigen" "mvrnorm" 
"eigen" "mvrnorm" 
"eigen" "mvrnorm" 
"eigen" "mvrnorm" 
"eigen" "mvrnorm" 
"eigen" "mvrnorm" 
"eigen" "mvrnorm" 
"eigen" "mvrnorm" 
"eigen" "mvrnorm" 
"eigen" "mvrnorm" 
"eigen" "mvrnorm" 
"eigen" "mvrnorm" 
"eigen" "mvrnorm" 
"eigen" "mvrnorm" 
"eigen" "mvrnorm" 
"eigen" "mvrnorm" 
"eigen" "mvrnorm" 
"eigen" "mvrnorm" 
"eigen" "mvrnorm" 
"eigen" "mvrnorm" 
"eigen" "mvrnorm" 
"eigen" "mvrnorm" 
"eigen" "mvrnorm" 
"eigen" "mvrnorm" 
"eigen" "mvrnorm" 
"eigen" "mvrnorm" 
"eigen" "mvrnorm" 
"eigen" "mvrnorm" 
"eigen" "mvrnorm" 
"eigen" "mvrnorm" 
"eigen" "mvrnorm" 
"eigen" "mvrnorm" 
"eigen" "mvrnorm" 
"eigen" "mvrnorm" 
"eigen" "mvrnorm" 
"eigen" "mvrnorm" 
"eigen" "mvrnorm" 
"eigen" "mvrnorm" 
"eigen" "mvrnorm" 
"eigen" "mvrnorm" 
"eigen" "mvrnorm" 
"eigen" "mvrnorm" 
"eigen" "mvrnorm" 
"eigen" "mvrnorm" 
"eigen" "mvrnorm" 
"eigen" "mvrnorm" 
"eigen" "mvrnorm" 
"eigen" "mvrnorm" 
"eigen" "mvrnorm" 
"eigen" "mvrnorm" 
"eigen" "mvrnorm" 
"eigen" "mvrnorm" 
"eigen" "mvrnorm" 
"eigen" "mvrnorm" 
"eigen" "mvrnorm" 
"eigen" "mvrnorm" 
"eigen" "mvrnorm" 
"eigen" "mvrnorm" 
"eigen" "mvrnorm" 
"eigen" "mvrnorm" 
"eigen" "mvrnorm" 
"eigen" "mvrnorm" 
"eigen" "mvrnorm" 
"eigen" "mvrnorm" 
"eigen" "mvrnorm" 
"eigen" "mvrnorm" 
"eigen" "mvrnorm" 
"eigen" "mvrnorm" 
"eigen" "mvrnorm" 
"eigen" "mvrnorm" 
"eigen" "mvrnorm" 
"eigen" "mvrnorm" 
"eigen" "mvrnorm" 
"eigen" "mvrnorm" 
"eigen" "mvrnorm" 
"eigen" "mvrnorm" 
"eigen" "mvrnorm" 
"eigen" "mvrnorm" 
"eigen" "mvrnorm" 
"eigen" "mvrnorm" 
"eigen" "mvrnorm" 
"eigen" "mvrnorm" 
"eigen" "mvrnorm" 
"eigen" "mvrnorm" 
"eigen" "mvrnorm" 
"eigen" "mvrnorm" 
"eigen" "mvrnorm" 
"eigen" "mvrnorm" 
"eigen" "mvrnorm" 
"eigen" "mvrnorm" 
"eigen" "mvrnorm" 
"eigen" "mvrnorm" 
"eigen" "mvrnorm" 
"eigen" "mvrnorm" 
"eigen" "mvrnorm" 
"eigen" "mvrnorm" 
"eigen" "mvrnorm" 
"eigen" "mvrnorm" 
"eigen" "mvrnorm" 
"eigen" "mvrnorm" 
"eigen" "mvrnorm" 
"eigen" "mvrnorm" 
"eigen" "mvrnorm" 
"eigen" "mvrnorm" 
"eigen" "mvrnorm" 
"eigen" "mvrnorm" 
"eigen" "mvrnorm" 
"eigen" "mvrnorm" 
"eigen" "mvrnorm" 
"eigen" "mvrnorm" 
"eigen" "mvrnorm" 
"eigen" "mvrnorm" 
"eigen" "mvrnorm" 
"eigen" "mvrnorm" 
"eigen" "mvrnorm" 
"eigen" "mvrnorm" 
"eigen" "mvrnorm" 
"eigen" "mvrnorm" 
"eigen" "mvrnorm" 
"eigen" "mvrnorm" 
"eigen" "mvrnorm" 
"eigen" "mvrnorm" 
"eigen" "mvrnorm" 
"eigen" "mvrnorm" 
"eigen" "mvrnorm" 
"eigen" "mvrnorm" 
"eigen" "mvrnorm" 
"eigen" "mvrnorm" 
"eigen" "mvrnorm" 
"eigen" "mvrnorm" 
"eigen" "mvrnorm" 
"eigen" "mvrnorm" 
"eigen" "mvrnorm" 
"eigen" "mvrnorm" 
"eigen" "mvrnorm" 
"eigen" "mvrnorm" 
"eigen" "mvrnorm" 
"eigen" "mvrnorm" 
"eigen" "mvrnorm" 
"eigen" "mvrnorm" 
"eigen" "mvrnorm" 
"eigen" "mvrnorm" 
"eigen" "mvrnorm" 
"eigen" "mvrnorm" 
"eigen" "mvrnorm" 
"eigen" "mvrnorm" 
"eigen" "mvrnorm" 
"eigen" "mvrnorm" 
"eigen" "mvrnorm" 
"eigen" "mvrnorm" 
"eigen" "mvrnorm" 
"eigen" "mvrnorm" 
"eigen" "mvrnorm" 
"eigen" "mvrnorm" 
"eigen" "mvrnorm" 
"eigen" "mvrnorm" 
"eigen" "mvrnorm" 
"eigen" "mvrnorm" 
"eigen" "mvrnorm" 
"eigen" "mvrnorm" 
"eigen" "mvrnorm" 
"eigen" "mvrnorm" 
"eigen" "mvrnorm" 
"eigen" "mvrnorm" 
"eigen" "mvrnorm" 
"eigen" "mvrnorm" 
"eigen" "mvrnorm" 
"eigen" "mvrnorm" 
"eigen" "mvrnorm" 
"eigen" "mvrnorm" 
"eigen" "mvrnorm" 
"eigen" "mvrnorm" 
"eigen" "mvrnorm" 
"eigen" "mvrnorm" 
"eigen" "mvrnorm" 
"eigen" "mvrnorm" 
"eigen" "mvrnorm" 
"eigen" "mvrnorm" 
"eigen" "mvrnorm" 
"eigen" "mvrnorm" 
"eigen" "mvrnorm" 
"eigen" "mvrnorm" 
"eigen" "mvrnorm" 
"eigen" "mvrnorm" 
"eigen" "mvrnorm" 
"eigen" "mvrnorm" 
"eigen" "mvrnorm" 
"eigen" "mvrnorm" 
"eigen" "mvrnorm" 
"eigen" "mvrnorm" 
"eigen" "mvrnorm" 
"eigen" "mvrnorm" 
"eigen" "mvrnorm" 
"eigen" "mvrnorm" 
"eigen" "mvrnorm" 
"eigen" "mvrnorm" 
"eigen" "mvrnorm" 
"eigen" "mvrnorm" 
"eigen" "mvrnorm" 
"eigen" "mvrnorm" 
"eigen" "mvrnorm" 
"eigen" "mvrnorm" 
"eigen" "mvrnorm" 
"eigen" "mvrnorm" 
"eigen" "mvrnorm" 
"eigen" "mvrnorm" 
"eigen" "mvrnorm" 
"eigen" "mvrnorm" 
"eigen" "mvrnorm" 
"eigen" "mvrnorm" 
"eigen" "mvrnorm" 
"eigen" "mvrnorm" 
"eigen" "mvrnorm" 
"eigen" "mvrnorm" 
"eigen" "mvrnorm" 
"eigen" "mvrnorm" 
"eigen" "mvrnorm" 
"eigen" "mvrnorm" 
"eigen" "mvrnorm" 
"eigen" "mvrnorm" 
"eigen" "mvrnorm" 
"eigen" "mvrnorm" 
"eigen" "mvrnorm" 
"eigen" "mvrnorm" 
"eigen" "mvrnorm" 
"eigen" "mvrnorm" 
"eigen" "mvrnorm" 
"eigen" "mvrnorm" 
"eigen" "mvrnorm" 
"eigen" "mvrnorm" 
"eigen" "mvrnorm" 
"eigen" "mvrnorm" 
"eigen" "mvrnorm" 
"eigen" "mvrnorm" 
"eigen" "mvrnorm" 
"eigen" "mvrnorm" 
"eigen" "mvrnorm" 
"eigen" "mvrnorm" 
"eigen" "mvrnorm" 
"eigen" "mvrnorm" 
"eigen" "mvrnorm" 
"eigen" "mvrnorm" 
"eigen" "mvrnorm" 
"eigen" "mvrnorm" 
"eigen" "mvrnorm" 
"eigen" "mvrnorm" 
"eigen" "mvrnorm" 
"eigen" "mvrnorm" 
"eigen" "mvrnorm" 
"eigen" "mvrnorm" 
"eigen" "mvrnorm" 
"eigen" "mvrnorm" 
"eigen" "mvrnorm" 
"eigen" "mvrnorm" 
"eigen" "mvrnorm" 
"eigen" "mvrnorm" 
"eigen" "mvrnorm" 
"eigen" "mvrnorm" 
"eigen" "mvrnorm" 
"eigen" "mvrnorm" 
"eigen" "mvrnorm" 
"eigen" "mvrnorm" 
"eigen" "mvrnorm" 
"eigen" "mvrnorm" 
"eigen" "mvrnorm" 
"eigen" "mvrnorm" 
"eigen" "mvrnorm" 
"eigen" "mvrnorm" 
"eigen" "mvrnorm" 
"eigen" "mvrnorm" 
"eigen" "mvrnorm" 
"eigen" "mvrnorm" 
"eigen" "mvrnorm" 
"eigen" "mvrnorm" 
"eigen" "mvrnorm" 
"eigen" "mvrnorm" 
"eigen" "mvrnorm" 
"eigen" "mvrnorm" 
"eigen" "mvrnorm" 
"structure" "eigen" "mvrnorm" 
"structure" "eigen" "mvrnorm" 
"structure" "eigen" "mvrnorm" 
"structure" "eigen" "mvrnorm" 
"structure" "eigen" "mvrnorm" 
"structure" "eigen" "mvrnorm" 
"structure" "eigen" "mvrnorm" 
"structure" "eigen" "mvrnorm" 
"structure" "eigen" "mvrnorm" 
"structure" "eigen" "mvrnorm" 
"structure" "eigen" "mvrnorm" 
"structure" "eigen" "mvrnorm" 
"structure" "eigen" "mvrnorm" 
"diag" "mvrnorm" 
"diag" "mvrnorm" 
"%*%" "mvrnorm" 
"%*%" "mvrnorm" 
"%*%" "mvrnorm" 
"%*%" "mvrnorm" 
"%*%" "mvrnorm" 
"%*%" "mvrnorm" 
"%*%" "mvrnorm" 
"%*%" "mvrnorm" 
"%*%" "mvrnorm" 
"%*%" "mvrnorm" 
"%*%" "mvrnorm" 
"%*%" "mvrnorm" 
"%*%" "mvrnorm" 
"%*%" "mvrnorm" 
"%*%" "mvrnorm" 
"%*%" "mvrnorm" 
"%*%" "mvrnorm" 
"%*%" "mvrnorm" 
"%*%" "mvrnorm" 
"%*%" "mvrnorm" 
"%*%" "mvrnorm" 
"%*%" "mvrnorm" 
"%*%" "mvrnorm" 
"%*%" "mvrnorm" 
"%*%" "mvrnorm" 
"%*%" "mvrnorm" 
"%*%" "mvrnorm" 
"%*%" "mvrnorm" 
"%*%" "mvrnorm" 
"%*%" "mvrnorm" 
"%*%" "mvrnorm" 
"%*%" "mvrnorm" 
"%*%" "mvrnorm" 
"%*%" "mvrnorm" 
"%*%" "mvrnorm" 
"%*%" "mvrnorm" 
"%*%" "mvrnorm" 
"%*%" "mvrnorm" 
"%*%" "mvrnorm" 
"%*%" "mvrnorm" 
"%*%" "mvrnorm" 
"%*%" "mvrnorm" 
"%*%" "mvrnorm" 
"%*%" "mvrnorm" 
"%*%" "mvrnorm" 
"%*%" "mvrnorm" 
"%*%" "mvrnorm" 
"%*%" "mvrnorm" 
"%*%" "mvrnorm" 
"str.default" "str" "doTryCatch" "tryCatchOne" "tryCatchList" "tryCatch" "try" "...elt" "withVisible" "capture.output" "doTryCatch" "tryCatchOne" "tryCatchList" "tryCatch" ".rs.withTimeLimit" ".rs.valueFromStr" ".rs.valueDescriptionImpl" "doTryCatch" "tryCatchOne" "tryCatchList" "tryCatch" ".rs.valueDescription" ".rs.describeObject" 
"ls" "FUN" "lapply" ".rs.objectsOnSearchPath" "unlist" ".rs.availableRSymbols" 
